[0205/125523.121:ERROR:process_reader_win.cc(242)] ReadMemory at 0x7ff7ec5f0000 of 64 bytes failed: Запрос ReadProcessMemory или WriteProcessMemory был выполнен только частично. (0x12B)
[0205/125523.167:WARNING:pe_image_reader.cc(302)] could not read dos header from C:\Program Files (x86)\Google\Chrome\Application\chrome.exe
[0205/125523.168:ERROR:process_reader_win.cc(242)] ReadMemory at 0x7ffb7a030000 of 64 bytes failed: Запрос ReadProcessMemory или WriteProcessMemory был выполнен только частично. (0x12B)
[0205/125523.168:WARNING:pe_image_reader.cc(302)] could not read dos header from C:\WINDOWS\SYSTEM32\ntdll.dll
[0205/125523.168:ERROR:process_reader_win.cc(242)] ReadMemory at 0x7ffb78d00000 of 64 bytes failed: Запрос ReadProcessMemory или WriteProcessMemory был выполнен только частично. (0x12B)
[0205/125523.168:WARNING:pe_image_reader.cc(302)] could not read dos header from C:\WINDOWS\System32\KERNEL32.DLL
[0205/125523.168:ERROR:process_reader_win.cc(242)] ReadMemory at 0x7ffb76450000 of 64 bytes failed: Запрос ReadProcessMemory или WriteProcessMemory был выполнен только частично. (0x12B)
[0205/125523.168:WARNING:pe_image_reader.cc(302)] could not read dos header from C:\WINDOWS\System32\KERNELBASE.dll
[0205/125523.168:ERROR:process_reader_win.cc(242)] ReadMemory at 0x7ffb73fd0000 of 64 bytes failed: Запрос ReadProcessMemory или WriteProcessMemory был выполнен только частично. (0x12B)
[0205/125523.168:WARNING:pe_image_reader.cc(302)] could not read dos header from C:\WINDOWS\SYSTEM32\apphelp.dll
[0205/125523.169:ERROR:process_reader_win.cc(242)] ReadMemory at 0x7ffb77250000 of 64 bytes failed: Запрос ReadProcessMemory или WriteProcessMemory был выполнен только частично. (0x12B)
[0205/125523.169:WARNING:pe_image_reader.cc(302)] could not read dos header from C:\WINDOWS\System32\SHELL32.dll
[0205/125523.169:ERROR:process_reader_win.cc(242)] ReadMemory at 0x7ffb78ff0000 of 64 bytes failed: Запрос ReadProcessMemory или WriteProcessMemory был выполнен только частично. (0x12B)
[0205/125523.169:WARNING:pe_image_reader.cc(302)] could not read dos header from C:\WINDOWS\System32\msvcrt.dll
[0205/125523.169:ERROR:process_reader_win.cc(242)] ReadMemory at 0x7ffb766f0000 of 64 bytes failed: Запрос ReadProcessMemory или WriteProcessMemory был выполнен только частично. (0x12B)
[0205/125523.169:WARNING:pe_image_reader.cc(302)] could not read dos header from C:\WINDOWS\System32\cfgmgr32.dll
[0205/125523.169:ERROR:process_reader_win.cc(242)] ReadMemory at 0x7ffb76760000 of 64 bytes failed: Запрос ReadProcessMemory или WriteProcessMemory был выполнен только частично. (0x12B)
[0205/125523.169:WARNING:pe_image_reader.cc(302)] could not read dos header from C:\WINDOWS\System32\ucrtbase.dll
[0205/125523.169:ERROR:process_reader_win.cc(242)] ReadMemory at 0x7ffb79c30000 of 64 bytes failed: Запрос ReadProcessMemory или WriteProcessMemory был выполнен только частично. (0x12B)
[0205/125523.169:WARNING:pe_image_reader.cc(302)] could not read dos header from C:\WINDOWS\System32\shcore.dll
[0205/125523.169:ERROR:process_reader_win.cc(242)] ReadMemory at 0x7ffb79290000 of 64 bytes failed: Запрос ReadProcessMemory или WriteProcessMemory был выполнен только частично. (0x12B)
[0205/125523.169:WARNING:pe_image_reader.cc(302)] could not read dos header from C:\WINDOWS\System32\RPCRT4.dll
[0205/125523.169:ERROR:process_reader_win.cc(242)] ReadMemory at 0x7ffb79580000 of 64 bytes failed: Запрос ReadProcessMemory или WriteProcessMemory был выполнен только частично. (0x12B)
[0205/125523.169:WARNING:pe_image_reader.cc(302)] could not read dos header from C:\WINDOWS\System32\combase.dll
[0205/125523.169:ERROR:process_reader_win.cc(242)] ReadMemory at 0x7ffb761d0000 of 64 bytes failed: Запрос ReadProcessMemory или WriteProcessMemory был выполнен только частично. (0x12B)
[0205/125523.169:WARNING:pe_image_reader.cc(302)] could not read dos header from C:\WINDOWS\System32\bcryptPrimitives.dll
[0205/125523.169:ERROR:process_reader_win.cc(242)] ReadMemory at 0x7ffb76a60000 of 64 bytes failed: Запрос ReadProcessMemory или WriteProcessMemory был выполнен только частично. (0x12B)
[0205/125523.169:WARNING:pe_image_reader.cc(302)] could not read dos header from C:\WINDOWS\System32\windows.storage.dll
[0205/125523.169:ERROR:process_reader_win.cc(242)] ReadMemory at 0x7ffb771b0000 of 64 bytes failed: Запрос ReadProcessMemory или WriteProcessMemory был выполнен только частично. (0x12B)
[0205/125523.169:WARNING:pe_image_reader.cc(302)] could not read dos header from C:\WINDOWS\System32\msvcp_win.dll
[0205/125523.169:ERROR:process_reader_win.cc(242)] ReadMemory at 0x7ffb78e20000 of 64 bytes failed: Запрос ReadProcessMemory или WriteProcessMemory был выполнен только частично. (0x12B)
[0205/125523.169:WARNING:pe_image_reader.cc(302)] could not read dos header from C:\WINDOWS\System32\sechost.dll
[0205/125523.169:ERROR:process_reader_win.cc(242)] ReadMemory at 0x7ffb79f50000 of 64 bytes failed: Запрос ReadProcessMemory или WriteProcessMemory был выполнен только частично. (0x12B)
[0205/125523.169:WARNING:pe_image_reader.cc(302)] could not read dos header from C:\WINDOWS\System32\advapi32.dll
[0205/125523.169:ERROR:process_reader_win.cc(242)] ReadMemory at 0x7ffb76040000 of 64 bytes failed: Запрос ReadProcessMemory или WriteProcessMemory был выполнен только частично. (0x12B)
[0205/125523.169:WARNING:pe_image_reader.cc(302)] could not read dos header from C:\WINDOWS\System32\profapi.dll
[0205/125523.169:ERROR:process_reader_win.cc(242)] ReadMemory at 0x7ffb76070000 of 64 bytes failed: Запрос ReadProcessMemory или WriteProcessMemory был выполнен только частично. (0x12B)
[0205/125523.169:WARNING:pe_image_reader.cc(302)] could not read dos header from C:\WINDOWS\System32\powrprof.dll
[0205/125523.169:ERROR:process_reader_win.cc(242)] ReadMemory at 0x7ffb79150000 of 64 bytes failed: Запрос ReadProcessMemory или WriteProcessMemory был выполнен только частично. (0x12B)
[0205/125523.169:WARNING:pe_image_reader.cc(302)] could not read dos header from C:\WINDOWS\System32\shlwapi.dll
[0205/125523.169:ERROR:process_reader_win.cc(242)] ReadMemory at 0x7ffb79110000 of 64 bytes failed: Запрос ReadProcessMemory или WriteProcessMemory был выполнен только частично. (0x12B)
[0205/125523.169:WARNING:pe_image_reader.cc(302)] could not read dos header from C:\WINDOWS\System32\GDI32.dll
[0205/125523.169:ERROR:process_reader_win.cc(242)] ReadMemory at 0x7ffb76860000 of 64 bytes failed: Запрос ReadProcessMemory или WriteProcessMemory был выполнен только частично. (0x12B)
[0205/125523.169:WARNING:pe_image_reader.cc(302)] could not read dos header from C:\WINDOWS\System32\gdi32full.dll
[0205/125523.170:ERROR:process_reader_win.cc(242)] ReadMemory at 0x7ffb793c0000 of 64 bytes failed: Запрос ReadProcessMemory или WriteProcessMemory был выполнен только частично. (0x12B)
[0205/125523.170:WARNING:pe_image_reader.cc(302)] could not read dos header from C:\WINDOWS\System32\USER32.dll
[0205/125523.170:ERROR:process_reader_win.cc(242)] ReadMemory at 0x7ffb76250000 of 64 bytes failed: Запрос ReadProcessMemory или WriteProcessMemory был выполнен только частично. (0x12B)
[0205/125523.170:WARNING:pe_image_reader.cc(302)] could not read dos header from C:\WINDOWS\System32\win32u.dll
[0205/125523.170:ERROR:process_reader_win.cc(242)] ReadMemory at 0x7ffb760d0000 of 64 bytes failed: Запрос ReadProcessMemory или WriteProcessMemory был выполнен только частично. (0x12B)
[0205/125523.170:WARNING:pe_image_reader.cc(302)] could not read dos header from C:\WINDOWS\System32\kernel.appcore.dll
[0205/125523.170:ERROR:process_reader_win.cc(242)] ReadMemory at 0x7ffb76740000 of 64 bytes failed: Запрос ReadProcessMemory или WriteProcessMemory был выполнен только частично. (0x12B)
[0205/125523.170:WARNING:pe_image_reader.cc(302)] could not read dos header from C:\WINDOWS\System32\cryptsp.dll
[0205/125523.170:ERROR:process_reader_win.cc(242)] ReadMemory at 0x7ffb79f00000 of 64 bytes failed: Запрос ReadProcessMemory или WriteProcessMemory был выполнен только частично. (0x12B)
[0205/125523.170:WARNING:pe_image_reader.cc(302)] could not read dos header from C:\WINDOWS\System32\PSAPI.DLL
[0205/125523.170:ERROR:process_reader_win.cc(242)] ReadMemory at 0x7ffb50db0000 of 64 bytes failed: Запрос ReadProcessMemory или WriteProcessMemory был выполнен только частично. (0x12B)
[0205/125523.170:WARNING:pe_image_reader.cc(302)] could not read dos header from C:\Program Files (x86)\Google\Chrome\Application\69.0.3497.100\chrome_elf.dll
[0205/125523.170:ERROR:process_reader_win.cc(242)] ReadMemory at 0x7ffb6c6c0000 of 64 bytes failed: Запрос ReadProcessMemory или WriteProcessMemory был выполнен только частично. (0x12B)
[0205/125523.170:WARNING:pe_image_reader.cc(302)] could not read dos header from C:\WINDOWS\SYSTEM32\VERSION.dll
[0205/125523.170:ERROR:process_reader_win.cc(242)] ReadMemory at 0x7ffb73790000 of 64 bytes failed: Запрос ReadProcessMemory или WriteProcessMemory был выполнен только частично. (0x12B)
[0205/125523.170:WARNING:pe_image_reader.cc(302)] could not read dos header from C:\WINDOWS\SYSTEM32\WINMM.dll
[0205/125523.170:ERROR:process_reader_win.cc(242)] ReadMemory at 0x7ffb75f50000 of 64 bytes failed: Запрос ReadProcessMemory или WriteProcessMemory был выполнен только частично. (0x12B)
[0205/125523.170:WARNING:pe_image_reader.cc(302)] could not read dos header from C:\WINDOWS\SYSTEM32\USERENV.dll
[0205/125523.170:ERROR:process_reader_win.cc(242)] ReadMemory at 0x7ffb6bf80000 of 64 bytes failed: Запрос ReadProcessMemory или WriteProcessMemory был выполнен только частично. (0x12B)
[0205/125523.170:WARNING:pe_image_reader.cc(302)] could not read dos header from C:\WINDOWS\SYSTEM32\WINHTTP.dll
[0205/125523.170:ERROR:process_reader_win.cc(242)] ReadMemory at 0x7ffb73760000 of 64 bytes failed: Запрос ReadProcessMemory или WriteProcessMemory был выполнен только частично. (0x12B)
[0205/125523.170:WARNING:pe_image_reader.cc(302)] could not read dos header from C:\WINDOWS\SYSTEM32\WINMMBASE.dll
[0205/125523.170:ERROR:process_reader_win.cc(242)] ReadMemory at 0x7ffb75a60000 of 64 bytes failed: Запрос ReadProcessMemory или WriteProcessMemory был выполнен только частично. (0x12B)
[0205/125523.170:WARNING:pe_image_reader.cc(302)] could not read dos header from C:\WINDOWS\SYSTEM32\CRYPTBASE.DLL
[0205/125523.170:ERROR:process_reader_win.cc(242)] ReadMemory at 0x7ffb79f10000 of 64 bytes failed: Запрос ReadProcessMemory или WriteProcessMemory был выполнен только частично. (0x12B)
[0205/125523.170:WARNING:pe_image_reader.cc(302)] could not read dos header from C:\WINDOWS\System32\IMM32.DLL
[0205/125523.170:ERROR:process_reader_win.cc(242)] ReadMemory at 0x7ffb23bc0000 of 64 bytes failed: Запрос ReadProcessMemory или WriteProcessMemory был выполнен только частично. (0x12B)
[0205/125523.170:WARNING:pe_image_reader.cc(302)] could not read dos header from C:\Program Files (x86)\Google\Chrome\Application\69.0.3497.100\chrome_child.dll
[0205/125523.171:ERROR:process_reader_win.cc(242)] ReadMemory at 0x7ffb79bc0000 of 64 bytes failed: Запрос ReadProcessMemory или WriteProcessMemory был выполнен только частично. (0x12B)
[0205/125523.171:WARNING:pe_image_reader.cc(302)] could not read dos header from C:\WINDOWS\System32\WS2_32.dll
[0205/125523.171:ERROR:process_reader_win.cc(242)] ReadMemory at 0x7ffb79a60000 of 64 bytes failed: Запрос ReadProcessMemory или WriteProcessMemory был выполнен только частично. (0x12B)
[0205/125523.171:WARNING:pe_image_reader.cc(302)] could not read dos header from C:\WINDOWS\System32\ole32.dll
[0205/125523.171:ERROR:process_reader_win.cc(242)] ReadMemory at 0x7ffb78c30000 of 64 bytes failed: Запрос ReadProcessMemory или WriteProcessMemory был выполнен только частично. (0x12B)
[0205/125523.171:WARNING:pe_image_reader.cc(302)] could not read dos header from C:\WINDOWS\System32\OLEAUT32.dll
[0205/125523.171:ERROR:process_reader_win.cc(242)] ReadMemory at 0x7ffb76a00000 of 64 bytes failed: Запрос ReadProcessMemory или WriteProcessMemory был выполнен только частично. (0x12B)
[0205/125523.171:WARNING:pe_image_reader.cc(302)] could not read dos header from C:\WINDOWS\System32\WINTRUST.dll
[0205/125523.171:ERROR:process_reader_win.cc(242)] ReadMemory at 0x7ffb76020000 of 64 bytes failed: Запрос ReadProcessMemory или WriteProcessMemory был выполнен только частично. (0x12B)
[0205/125523.171:WARNING:pe_image_reader.cc(302)] could not read dos header from C:\WINDOWS\System32\MSASN1.dll
[0205/125523.171:ERROR:process_reader_win.cc(242)] ReadMemory at 0x7ffb76270000 of 64 bytes failed: Запрос ReadProcessMemory или WriteProcessMemory был выполнен только частично. (0x12B)
[0205/125523.171:WARNING:pe_image_reader.cc(302)] could not read dos header from C:\WINDOWS\System32\CRYPT32.dll
[0205/125523.171:ERROR:process_reader_win.cc(242)] ReadMemory at 0x7ffb78ec0000 of 64 bytes failed: Запрос ReadProcessMemory или WriteProcessMemory был выполнен только частично. (0x12B)
[0205/125523.171:WARNING:pe_image_reader.cc(302)] could not read dos header from C:\WINDOWS\System32\COMDLG32.dll
[0205/125523.171:ERROR:process_reader_win.cc(242)] ReadMemory at 0x7ffb755b0000 of 64 bytes failed: Запрос ReadProcessMemory или WriteProcessMemory был выполнен только частично. (0x12B)
[0205/125523.172:WARNING:pe_image_reader.cc(302)] could not read dos header from C:\WINDOWS\SYSTEM32\IPHLPAPI.DLL
[0205/125523.172:ERROR:process_reader_win.cc(242)] ReadMemory at 0x7ffb72710000 of 64 bytes failed: Запрос ReadProcessMemory или WriteProcessMemory был выполнен только частично. (0x12B)
[0205/125523.172:WARNING:pe_image_reader.cc(302)] could not read dos header from C:\WINDOWS\SYSTEM32\msdmo.dll
[0205/125523.172:ERROR:process_reader_win.cc(242)] ReadMemory at 0x7ffb67dd0000 of 64 bytes failed: Запрос ReadProcessMemory или WriteProcessMemory был выполнен только частично. (0x12B)
[0205/125523.172:WARNING:pe_image_reader.cc(302)] could not read dos header from C:\WINDOWS\WinSxS\amd64_microsoft.windows.common-controls_6595b64144ccf1df_6.0.17763.973_none_05b245900721eb81\COMCTL32.dll
[0205/125523.172:ERROR:process_reader_win.cc(242)] ReadMemory at 0x7ffb6ad70000 of 64 bytes failed: Запрос ReadProcessMemory или WriteProcessMemory был выполнен только частично. (0x12B)
[0205/125523.172:WARNING:pe_image_reader.cc(302)] could not read dos header from C:\WINDOWS\SYSTEM32\DWrite.dll
[0205/125523.172:ERROR:process_reader_win.cc(242)] ReadMemory at 0x7ffb687a0000 of 64 bytes failed: Запрос ReadProcessMemory или WriteProcessMemory был выполнен только частично. (0x12B)
[0205/125523.172:WARNING:pe_image_reader.cc(302)] could not read dos header from C:\WINDOWS\SYSTEM32\WINSPOOL.DRV
[0205/125523.172:ERROR:process_reader_win.cc(242)] ReadMemory at 0x7ffb760f0000 of 64 bytes failed: Запрос ReadProcessMemory или WriteProcessMemory был выполнен только частично. (0x12B)
[0205/125523.172:WARNING:pe_image_reader.cc(302)] could not read dos header from C:\WINDOWS\System32\bcrypt.dll
[0205/125523.172:ERROR:process_reader_win.cc(242)] ReadMemory at 0x7ffb63bb0000 of 64 bytes failed: Запрос ReadProcessMemory или WriteProcessMemory был выполнен только частично. (0x12B)
[0205/125523.172:WARNING:pe_image_reader.cc(302)] could not read dos header from C:\WINDOWS\SYSTEM32\dbghelp.dll
[0205/125523.172:ERROR:process_reader_win.cc(242)] ReadMemory at 0x7ffb6cc60000 of 64 bytes failed: Запрос ReadProcessMemory или WriteProcessMemory был выполнен только частично. (0x12B)
[0205/125523.172:WARNING:pe_image_reader.cc(302)] could not read dos header from C:\WINDOWS\SYSTEM32\USP10.dll
[0205/125523.172:ERROR:process_reader_win.cc(242)] ReadMemory at 0x7ffb74d00000 of 64 bytes failed: Запрос ReadProcessMemory или WriteProcessMemory был выполнен только частично. (0x12B)
[0205/125523.172:WARNING:pe_image_reader.cc(302)] could not read dos header from C:\WINDOWS\SYSTEM32\dxgi.dll
[0205/125523.172:ERROR:process_reader_win.cc(242)] ReadMemory at 0x7ffb69e90000 of 64 bytes failed: Запрос ReadProcessMemory или WriteProcessMemory был выполнен только частично. (0x12B)
[0205/125523.172:WARNING:pe_image_reader.cc(302)] could not read dos header from C:\WINDOWS\SYSTEM32\urlmon.dll
[0205/125523.172:ERROR:process_reader_win.cc(242)] ReadMemory at 0x7ffb658e0000 of 64 bytes failed: Запрос ReadProcessMemory или WriteProcessMemory был выполнен только частично. (0x12B)
[0205/125523.172:WARNING:pe_image_reader.cc(302)] could not read dos header from C:\WINDOWS\SYSTEM32\Secur32.dll
[0205/125523.172:ERROR:process_reader_win.cc(242)] ReadMemory at 0x7ffb6cc20000 of 64 bytes failed: Запрос ReadProcessMemory или WriteProcessMemory был выполнен только частично. (0x12B)
[0205/125523.172:WARNING:pe_image_reader.cc(302)] could not read dos header from C:\WINDOWS\SYSTEM32\dhcpcsvc.DLL
[0205/125523.172:ERROR:process_reader_win.cc(242)] ReadMemory at 0x7ffb79f40000 of 64 bytes failed: Запрос ReadProcessMemory или WriteProcessMemory был выполнен только частично. (0x12B)
[0205/125523.172:WARNING:pe_image_reader.cc(302)] could not read dos header from C:\WINDOWS\System32\NSI.dll
[0205/125523.172:ERROR:process_reader_win.cc(242)] ReadMemory at 0x7ffb74a90000 of 64 bytes failed: Запрос ReadProcessMemory или WriteProcessMemory был выполнен только частично. (0x12B)
[0205/125523.173:WARNING:pe_image_reader.cc(302)] could not read dos header from C:\WINDOWS\SYSTEM32\PROPSYS.dll
[0205/125523.173:ERROR:process_reader_win.cc(242)] ReadMemory at 0x7ffb6a220000 of 64 bytes failed: Запрос ReadProcessMemory или WriteProcessMemory был выполнен только частично. (0x12B)
[0205/125523.173:WARNING:pe_image_reader.cc(302)] could not read dos header from C:\WINDOWS\SYSTEM32\iertutil.dll
[0205/125523.173:ERROR:process_reader_win.cc(242)] ReadMemory at 0x7ffb75f20000 of 64 bytes failed: Запрос ReadProcessMemory или WriteProcessMemory был выполнен только частично. (0x12B)
[0205/125523.173:WARNING:pe_image_reader.cc(302)] could not read dos header from C:\WINDOWS\SYSTEM32\SSPICLI.DLL
[0205/125523.218:ERROR:process_reader_win.cc(242)] ReadMemory at 0xcdafe3000 of 118784 bytes failed: Запрос ReadProcessMemory или WriteProcessMemory был выполнен только частично. (0x12B)
[0205/125523.219:ERROR:process_reader_win.cc(242)] ReadMemory at 0xcdb1fe000 of 8192 bytes failed: Запрос ReadProcessMemory или WriteProcessMemory был выполнен только частично. (0x12B)
[0205/125523.219:ERROR:process_reader_win.cc(242)] ReadMemory at 0xcdb5fd000 of 12288 bytes failed: Запрос ReadProcessMemory или WriteProcessMemory был выполнен только частично. (0x12B)
[0205/125523.219:ERROR:process_reader_win.cc(242)] ReadMemory at 0xcdb7fe000 of 8192 bytes failed: Запрос ReadProcessMemory или WriteProcessMemory был выполнен только частично. (0x12B)
[0205/125523.219:ERROR:process_reader_win.cc(242)] ReadMemory at 0xcdb9fe000 of 8192 bytes failed: Запрос ReadProcessMemory или WriteProcessMemory был выполнен только частично. (0x12B)
[0205/125523.219:ERROR:process_reader_win.cc(242)] ReadMemory at 0xcdbbfd000 of 12288 bytes failed: Запрос ReadProcessMemory или WriteProcessMemory был выполнен только частично. (0x12B)
[0205/125523.219:ERROR:process_reader_win.cc(242)] ReadMemory at 0xcdbdfe000 of 8192 bytes failed: Запрос ReadProcessMemory или WriteProcessMemory был выполнен только частично. (0x12B)
[0205/125523.219:ERROR:process_reader_win.cc(242)] ReadMemory at 0xcdbffe000 of 8192 bytes failed: Запрос ReadProcessMemory или WriteProcessMemory был выполнен только частично. (0x12B)
[0205/125523.219:ERROR:process_reader_win.cc(242)] ReadMemory at 0xcdc1fc000 of 16384 bytes failed: Запрос ReadProcessMemory или WriteProcessMemory был выполнен только частично. (0x12B)
[0205/125523.219:ERROR:process_reader_win.cc(242)] ReadMemory at 0xcdc3eb000 of 86016 bytes failed: Запрос ReadProcessMemory или WriteProcessMemory был выполнен только частично. (0x12B)
[0205/125523.220:ERROR:process_reader_win.cc(242)] ReadMemory at 0xcdc5eb000 of 86016 bytes failed: Запрос ReadProcessMemory или WriteProcessMemory был выполнен только частично. (0x12B)
[0205/125523.220:ERROR:process_reader_win.cc(242)] ReadMemory at 0xcdc7fd000 of 12288 bytes failed: Запрос ReadProcessMemory или WriteProcessMemory был выполнен только частично. (0x12B)
[0205/125523.220:ERROR:process_reader_win.cc(242)] ReadMemory at 0xcdcff0000 of 65536 bytes failed: Запрос ReadProcessMemory или WriteProcessMemory был выполнен только частично. (0x12B)
[0205/125523.220:ERROR:process_reader_win.cc(242)] ReadMemory at 0xcdd1fe000 of 8192 bytes failed: Запрос ReadProcessMemory или WriteProcessMemory был выполнен только частично. (0x12B)
[0205/125523.220:ERROR:process_reader_win.cc(242)] ReadMemory at 0xcdb3fc000 of 16384 bytes failed: Запрос ReadProcessMemory или WriteProcessMemory был выполнен только частично. (0x12B)
[0205/125523.220:ERROR:process_reader_win.cc(242)] ReadMemory at 0xcdc9fe000 of 8192 bytes failed: Запрос ReadProcessMemory или WriteProcessMemory был выполнен только частично. (0x12B)
[0205/125523.220:ERROR:process_reader_win.cc(242)] ReadMemory at 0xcdcbfc000 of 16384 bytes failed: Запрос ReadProcessMemory или WriteProcessMemory был выполнен только частично. (0x12B)
[0205/125523.220:ERROR:process_reader_win.cc(242)] ReadMemory at 0xcdcdfd000 of 12288 bytes failed: Запрос ReadProcessMemory или WriteProcessMemory был выполнен только частично. (0x12B)
[0205/125523.220:ERROR:process_reader_win.cc(242)] ReadMemory at 0xcdd3ff000 of 4096 bytes failed: Запрос ReadProcessMemory или WriteProcessMemory был выполнен только частично. (0x12B)
[0205/125523.220:ERROR:process_reader_win.cc(242)] ReadMemory at 0xcdac94000 of 6024 bytes failed: Запрос ReadProcessMemory или WriteProcessMemory был выполнен только частично. (0x12B)
[0205/125523.221:ERROR:process_reader_win.cc(242)] ReadMemory at 0xcdac98000 of 6024 bytes failed: Запрос ReadProcessMemory или WriteProcessMemory был выполнен только частично. (0x12B)
[0205/125523.221:ERROR:process_reader_win.cc(242)] ReadMemory at 0xcdac9a000 of 6024 bytes failed: Запрос ReadProcessMemory или WriteProcessMemory был выполнен только частично. (0x12B)
[0205/125523.221:ERROR:process_reader_win.cc(242)] ReadMemory at 0xcdac9c000 of 6024 bytes failed: Запрос ReadProcessMemory или WriteProcessMemory был выполнен только частично. (0x12B)
[0205/125523.221:ERROR:process_reader_win.cc(242)] ReadMemory at 0xcdac9e000 of 6024 bytes failed: Запрос ReadProcessMemory или WriteProcessMemory был выполнен только частично. (0x12B)
[0205/125523.221:ERROR:process_reader_win.cc(242)] ReadMemory at 0xcdad57000 of 852 bytes failed: Запрос ReadProcessMemory или WriteProcessMemory был выполнен только частично. (0x12B)
[0205/125523.221:ERROR:process_reader_win.cc(242)] ReadMemory at 0xcdad58000 of 6024 bytes failed: Запрос ReadProcessMemory или WriteProcessMemory был выполнен только частично. (0x12B)
[0205/125523.221:ERROR:process_reader_win.cc(242)] ReadMemory at 0xcdad5a000 of 6024 bytes failed: Запрос ReadProcessMemory или WriteProcessMemory был выполнен только частично. (0x12B)
[0205/125523.221:ERROR:process_reader_win.cc(242)] ReadMemory at 0xcdad5e000 of 6024 bytes failed: Запрос ReadProcessMemory или WriteProcessMemory был выполнен только частично. (0x12B)
[0205/125523.221:ERROR:process_reader_win.cc(242)] ReadMemory at 0xcdad60000 of 6024 bytes failed: Запрос ReadProcessMemory или WriteProcessMemory был выполнен только частично. (0x12B)
[0205/125523.221:ERROR:process_reader_win.cc(242)] ReadMemory at 0xcdad62000 of 6024 bytes failed: Запрос ReadProcessMemory или WriteProcessMemory был выполнен только частично. (0x12B)
[0205/125523.221:ERROR:process_reader_win.cc(242)] ReadMemory at 0xcdad64000 of 6024 bytes failed: Запрос ReadProcessMemory или WriteProcessMemory был выполнен только частично. (0x12B)
[0205/125523.221:ERROR:process_reader_win.cc(242)] ReadMemory at 0xcdad66000 of 6024 bytes failed: Запрос ReadProcessMemory или WriteProcessMemory был выполнен только частично. (0x12B)
[0205/125523.221:ERROR:process_reader_win.cc(242)] ReadMemory at 0xcdad68000 of 6024 bytes failed: Запрос ReadProcessMemory или WriteProcessMemory был выполнен только частично. (0x12B)
[0205/125523.221:ERROR:process_reader_win.cc(242)] ReadMemory at 0xcdad6a000 of 6024 bytes failed: Запрос ReadProcessMemory или WriteProcessMemory был выполнен только частично. (0x12B)
[0205/125523.221:ERROR:process_reader_win.cc(242)] ReadMemory at 0xcdad6c000 of 6024 bytes failed: Запрос ReadProcessMemory или WriteProcessMemory был выполнен только частично. (0x12B)
[0205/125523.221:ERROR:process_reader_win.cc(242)] ReadMemory at 0xcdad6e000 of 6024 bytes failed: Запрос ReadProcessMemory или WriteProcessMemory был выполнен только частично. (0x12B)
[0205/125523.222:ERROR:process_reader_win.cc(242)] ReadMemory at 0xcdad70000 of 6024 bytes failed: Запрос ReadProcessMemory или WriteProcessMemory был выполнен только частично. (0x12B)
[0205/125523.222:ERROR:process_reader_win.cc(242)] ReadMemory at 0xcdad7c000 of 6024 bytes failed: Запрос ReadProcessMemory или WriteProcessMemory был выполнен только частично. (0x12B)
[0205/125523.222:ERROR:process_reader_win.cc(242)] ReadMemory at 0xcdad7e000 of 6024 bytes failed: Запрос ReadProcessMemory или WriteProcessMemory был выполнен только частично. (0x12B)
[0205/125523.222:ERROR:process_reader_win.cc(242)] ReadMemory at 0x1c3bbe70750 of 62 bytes failed: Запрос ReadProcessMemory или WriteProcessMemory был выполнен только частично. (0x12B)
[0205/125523.222:ERROR:process_reader_win.cc(242)] ReadMemory at 0x1c3bbe70ad0 of 512 bytes failed: Запрос ReadProcessMemory или WriteProcessMemory был выполнен только частично. (0x12B)
[0205/125523.222:ERROR:process_reader_win.cc(242)] ReadMemory at 0x1c3bbe70fe0 of 19018 bytes failed: Запрос ReadProcessMemory или WriteProcessMemory был выполнен только частично. (0x12B)
[0205/125523.222:ERROR:process_reader_win.cc(242)] ReadMemory at 0x1c3bbe75a40 of 1012 bytes failed: Запрос ReadProcessMemory или WriteProcessMemory был выполнен только частично. (0x12B)
[0205/125523.222:ERROR:process_reader_win.cc(242)] ReadMemory at 0x1c3bbe76068 of 44 bytes failed: Запрос ReadProcessMemory или WriteProcessMemory был выполнен только частично. (0x12B)
[0205/125523.222:ERROR:process_reader_win.cc(242)] ReadMemory at 0x1c3bbe76096 of 118 bytes failed: Запрос ReadProcessMemory или WriteProcessMemory был выполнен только частично. (0x12B)
[0205/125523.222:ERROR:process_reader_win.cc(242)] ReadMemory at 0x1c3bbe7610e of 1042 bytes failed: Запрос ReadProcessMemory или WriteProcessMemory был выполнен только частично. (0x12B)
[0205/125523.222:ERROR:process_reader_win.cc(242)] ReadMemory at 0x1c3bbe76522 of 118 bytes failed: Запрос ReadProcessMemory или WriteProcessMemory был выполнен только частично. (0x12B)
[0205/125523.222:ERROR:process_reader_win.cc(242)] ReadMemory at 0x1c3bbe7659a of 98 bytes failed: Запрос ReadProcessMemory или WriteProcessMemory был выполнен только частично. (0x12B)
[0205/125523.222:ERROR:process_reader_win.cc(242)] ReadMemory at 0x1c3bbe76610 of 58 bytes failed: Запрос ReadProcessMemory или WriteProcessMemory был выполнен только частично. (0x12B)
[0205/125523.222:ERROR:process_reader_win.cc(242)] ReadMemory at 0x1c3bbe76750 of 132 bytes failed: Запрос ReadProcessMemory или WriteProcessMemory был выполнен только частично. (0x12B)
[0205/125523.222:ERROR:process_reader_win.cc(242)] ReadMemory at 0x1c3bbe768e0 of 132 bytes failed: Запрос ReadProcessMemory или WriteProcessMemory был выполнен только частично. (0x12B)
[0205/125523.222:ERROR:process_reader_win.cc(242)] ReadMemory at 0x1c3bbe76aa0 of 126 bytes failed: Запрос ReadProcessMemory или WriteProcessMemory был выполнен только частично. (0x12B)
[0205/125523.222:ERROR:process_reader_win.cc(242)] ReadMemory at 0x1c3bbe76e80 of 132 bytes failed: Запрос ReadProcessMemory или WriteProcessMemory был выполнен только частично. (0x12B)
[0205/125523.222:ERROR:process_reader_win.cc(242)] ReadMemory at 0x1c3bbe77010 of 64 bytes failed: Запрос ReadProcessMemory или WriteProcessMemory был выполнен только частично. (0x12B)
[0205/125523.223:ERROR:process_reader_win.cc(242)] ReadMemory at 0x1c3bbe77170 of 132 bytes failed: Запрос ReadProcessMemory или WriteProcessMemory был выполнен только частично. (0x12B)
[0205/125523.223:ERROR:process_reader_win.cc(242)] ReadMemory at 0x1c3bbe77300 of 62 bytes failed: Запрос ReadProcessMemory или WriteProcessMemory был выполнен только частично. (0x12B)
[0205/125523.223:ERROR:process_reader_win.cc(242)] ReadMemory at 0x1c3bbe77470 of 132 bytes failed: Запрос ReadProcessMemory или WriteProcessMemory был выполнен только частично. (0x12B)
[0205/125523.223:ERROR:process_reader_win.cc(242)] ReadMemory at 0x1c3bbe77600 of 68 bytes failed: Запрос ReadProcessMemory или WriteProcessMemory был выполнен только частично. (0x12B)
[0205/125523.223:ERROR:process_reader_win.cc(242)] ReadMemory at 0x1c3bbe7b7c0 of 132 bytes failed: Запрос ReadProcessMemory или WriteProcessMemory был выполнен только частично. (0x12B)
[0205/125523.223:ERROR:process_reader_win.cc(242)] ReadMemory at 0x1c3bbe7ba00 of 132 bytes failed: Запрос ReadProcessMemory или WriteProcessMemory был выполнен только частично. (0x12B)
[0205/125523.223:ERROR:process_reader_win.cc(242)] ReadMemory at 0x1c3bbe7bb90 of 62 bytes failed: Запрос ReadProcessMemory или WriteProcessMemory был выполнен только частично. (0x12B)
[0205/125523.223:ERROR:process_reader_win.cc(242)] ReadMemory at 0x1c3bbe7d340 of 132 bytes failed: Запрос ReadProcessMemory или WriteProcessMemory был выполнен только частично. (0x12B)
[0205/125523.223:ERROR:process_reader_win.cc(242)] ReadMemory at 0x1c3bbe7d4d0 of 60 bytes failed: Запрос ReadProcessMemory или WriteProcessMemory был выполнен только частично. (0x12B)
[0205/125523.223:ERROR:process_reader_win.cc(242)] ReadMemory at 0x1c3bbe7d520 of 158 bytes failed: Запрос ReadProcessMemory или WriteProcessMemory был выполнен только частично. (0x12B)
[0205/125523.223:ERROR:process_reader_win.cc(242)] ReadMemory at 0x1c3bbe7d720 of 132 bytes failed: Запрос ReadProcessMemory или WriteProcessMemory был выполнен только частично. (0x12B)
[0205/125523.223:ERROR:process_reader_win.cc(242)] ReadMemory at 0x1c3bbe7d8b0 of 64 bytes failed: Запрос ReadProcessMemory или WriteProcessMemory был выполнен только частично. (0x12B)
[0205/125523.223:ERROR:process_reader_win.cc(242)] ReadMemory at 0x1c3bbe7db30 of 132 bytes failed: Запрос ReadProcessMemory или WriteProcessMemory был выполнен только частично. (0x12B)
[0205/125523.223:ERROR:process_reader_win.cc(242)] ReadMemory at 0x1c3bbe7dcc0 of 64 bytes failed: Запрос ReadProcessMemory или WriteProcessMemory был выполнен только частично. (0x12B)
[0205/125523.223:ERROR:process_reader_win.cc(242)] ReadMemory at 0x1c3bbe7df20 of 132 bytes failed: Запрос ReadProcessMemory или WriteProcessMemory был выполнен только частично. (0x12B)
[0205/125523.223:ERROR:process_reader_win.cc(242)] ReadMemory at 0x1c3bbe7e0b0 of 60 bytes failed: Запрос ReadProcessMemory или WriteProcessMemory был выполнен только частично. (0x12B)
[0205/125523.223:ERROR:process_reader_win.cc(242)] ReadMemory at 0x1c3bbe7e3c0 of 132 bytes failed: Запрос ReadProcessMemory или WriteProcessMemory был выполнен только частично. (0x12B)
[0205/125523.223:ERROR:process_reader_win.cc(242)] ReadMemory at 0x1c3bbe7e550 of 60 bytes failed: Запрос ReadProcessMemory или WriteProcessMemory был выполнен только частично. (0x12B)
[0205/125523.223:ERROR:process_reader_win.cc(242)] ReadMemory at 0x1c3bbe7e790 of 132 bytes failed: Запрос ReadProcessMemory или WriteProcessMemory был выполнен только частично. (0x12B)
[0205/125523.223:ERROR:process_reader_win.cc(242)] ReadMemory at 0x1c3bbe81080 of 132 bytes failed: Запрос ReadProcessMemory или WriteProcessMemory был выполнен только частично. (0x12B)
[0205/125523.223:ERROR:process_reader_win.cc(242)] ReadMemory at 0x1c3bbe81440 of 78 bytes failed: Запрос ReadProcessMemory или WriteProcessMemory был выполнен только частично. (0x12B)
[0205/125523.224:ERROR:process_reader_win.cc(242)] ReadMemory at 0x1c3bbe815c0 of 76 bytes failed: Запрос ReadProcessMemory или WriteProcessMemory был выполнен только частично. (0x12B)
[0205/125523.224:ERROR:process_reader_win.cc(242)] ReadMemory at 0x1c3bbe818c0 of 80 bytes failed: Запрос ReadProcessMemory или WriteProcessMemory был выполнен только частично. (0x12B)
[0205/125523.224:ERROR:process_reader_win.cc(242)] ReadMemory at 0x1c3bbe81fb0 of 132 bytes failed: Запрос ReadProcessMemory или WriteProcessMemory был выполнен только частично. (0x12B)
[0205/125523.224:ERROR:process_reader_win.cc(242)] ReadMemory at 0x1c3bbe821d0 of 246 bytes failed: Запрос ReadProcessMemory или WriteProcessMemory был выполнен только частично. (0x12B)
[0205/125523.224:ERROR:process_reader_win.cc(242)] ReadMemory at 0x1c3bbe828f0 of 132 bytes failed: Запрос ReadProcessMemory или WriteProcessMemory был выполнен только частично. (0x12B)
[0205/125523.224:ERROR:process_reader_win.cc(242)] ReadMemory at 0x1c3bbe82a20 of 66 bytes failed: Запрос ReadProcessMemory или WriteProcessMemory был выполнен только частично. (0x12B)
[0205/125523.246:ERROR:process_reader_win.cc(242)] ReadMemory at 0x1c3bbe82c60 of 132 bytes failed: Запрос ReadProcessMemory или WriteProcessMemory был выполнен только частично. (0x12B)
[0205/125523.246:ERROR:process_reader_win.cc(242)] ReadMemory at 0x1c3bbe82e30 of 62 bytes failed: Запрос ReadProcessMemory или WriteProcessMemory был выполнен только частично. (0x12B)
[0205/125523.246:ERROR:process_reader_win.cc(242)] ReadMemory at 0x1c3bbe82e80 of 58 bytes failed: Запрос ReadProcessMemory или WriteProcessMemory был выполнен только частично. (0x12B)
[0205/125523.246:ERROR:process_reader_win.cc(242)] ReadMemory at 0x1c3bbe82f70 of 62 bytes failed: Запрос ReadProcessMemory или WriteProcessMemory был выполнен только частично. (0x12B)
[0205/125523.246:ERROR:process_reader_win.cc(242)] ReadMemory at 0x1c3bbe82fc0 of 58 bytes failed: Запрос ReadProcessMemory или WriteProcessMemory был выполнен только частично. (0x12B)
[0205/125523.246:ERROR:process_reader_win.cc(242)] ReadMemory at 0x1c3bbe83060 of 58 bytes failed: Запрос ReadProcessMemory или WriteProcessMemory был выполнен только частично. (0x12B)
[0205/125523.247:ERROR:process_reader_win.cc(242)] ReadMemory at 0x1c3bbe830b0 of 64 bytes failed: Запрос ReadProcessMemory или WriteProcessMemory был выполнен только частично. (0x12B)
[0205/125523.247:ERROR:process_reader_win.cc(242)] ReadMemory at 0x1c3bbe83100 of 62 bytes failed: Запрос ReadProcessMemory или WriteProcessMemory был выполнен только частично. (0x12B)
[0205/125523.247:ERROR:process_reader_win.cc(242)] ReadMemory at 0x1c3bbe83150 of 64 bytes failed: Запрос ReadProcessMemory или WriteProcessMemory был выполнен только частично. (0x12B)
[0205/125523.247:ERROR:process_reader_win.cc(242)] ReadMemory at 0x1c3bbe831a0 of 66 bytes failed: Запрос ReadProcessMemory или WriteProcessMemory был выполнен только частично. (0x12B)
[0205/125523.247:ERROR:process_reader_win.cc(242)] ReadMemory at 0x1c3bbe831f0 of 60 bytes failed: Запрос ReadProcessMemory или WriteProcessMemory был выполнен только частично. (0x12B)
[0205/125523.247:ERROR:process_reader_win.cc(242)] ReadMemory at 0x1c3bbe83240 of 60 bytes failed: Запрос ReadProcessMemory или WriteProcessMemory был выполнен только частично. (0x12B)
[0205/125523.247:ERROR:process_reader_win.cc(242)] ReadMemory at 0x1c3bbe83330 of 62 bytes failed: Запрос ReadProcessMemory или WriteProcessMemory был выполнен только частично. (0x12B)
[0205/125523.247:ERROR:process_reader_win.cc(242)] ReadMemory at 0x1c3bbe834c0 of 62 bytes failed: Запрос ReadProcessMemory или WriteProcessMemory был выполнен только частично. (0x12B)
[0205/125523.247:ERROR:process_reader_win.cc(242)] ReadMemory at 0x1c3bbe84700 of 132 bytes failed: Запрос ReadProcessMemory или WriteProcessMemory был выполнен только частично. (0x12B)
[0205/125523.247:ERROR:process_reader_win.cc(242)] ReadMemory at 0x1c3bbe84830 of 132 bytes failed: Запрос ReadProcessMemory или WriteProcessMemory был выполнен только частично. (0x12B)
[0205/125523.247:ERROR:process_reader_win.cc(242)] ReadMemory at 0x1c3bbe84960 of 132 bytes failed: Запрос ReadProcessMemory или WriteProcessMemory был выполнен только частично. (0x12B)
[0205/125523.247:ERROR:process_reader_win.cc(242)] ReadMemory at 0x1c3bbe84a90 of 132 bytes failed: Запрос ReadProcessMemory или WriteProcessMemory был выполнен только частично. (0x12B)
[0205/125523.247:ERROR:process_reader_win.cc(242)] ReadMemory at 0x1c3bbe84bc0 of 132 bytes failed: Запрос ReadProcessMemory или WriteProcessMemory был выполнен только частично. (0x12B)
[0205/125523.247:ERROR:process_reader_win.cc(242)] ReadMemory at 0x1c3bbe84cf0 of 132 bytes failed: Запрос ReadProcessMemory или WriteProcessMemory был выполнен только частично. (0x12B)
[0205/125523.247:ERROR:process_reader_win.cc(242)] ReadMemory at 0x1c3bbe84e20 of 132 bytes failed: Запрос ReadProcessMemory или WriteProcessMemory был выполнен только частично. (0x12B)
[0205/125523.247:ERROR:process_reader_win.cc(242)] ReadMemory at 0x1c3bbe84f50 of 132 bytes failed: Запрос ReadProcessMemory или WriteProcessMemory был выполнен только частично. (0x12B)
[0205/125523.247:ERROR:process_reader_win.cc(242)] ReadMemory at 0x1c3bbe85080 of 132 bytes failed: Запрос ReadProcessMemory или WriteProcessMemory был выполнен только частично. (0x12B)
[0205/125523.247:ERROR:process_reader_win.cc(242)] ReadMemory at 0x1c3bbe851b0 of 132 bytes failed: Запрос ReadProcessMemory или WriteProcessMemory был выполнен только частично. (0x12B)
[0205/125523.247:ERROR:process_reader_win.cc(242)] ReadMemory at 0x1c3bbe852e0 of 132 bytes failed: Запрос ReadProcessMemory или WriteProcessMemory был выполнен только частично. (0x12B)
[0205/125523.247:ERROR:process_reader_win.cc(242)] ReadMemory at 0x1c3bbe85410 of 132 bytes failed: Запрос ReadProcessMemory или WriteProcessMemory был выполнен только частично. (0x12B)
[0205/125523.248:ERROR:process_reader_win.cc(242)] ReadMemory at 0x1c3bbe85540 of 132 bytes failed: Запрос ReadProcessMemory или WriteProcessMemory был выполнен только частично. (0x12B)
[0205/125523.248:ERROR:process_reader_win.cc(242)] ReadMemory at 0x1c3bbe86ea0 of 132 bytes failed: Запрос ReadProcessMemory или WriteProcessMemory был выполнен только частично. (0x12B)
[0205/125523.248:ERROR:process_reader_win.cc(242)] ReadMemory at 0x1c3bbe86fd0 of 132 bytes failed: Запрос ReadProcessMemory или WriteProcessMemory был выполнен только частично. (0x12B)
[0205/125523.248:ERROR:process_reader_win.cc(242)] ReadMemory at 0x1c3bbe87100 of 132 bytes failed: Запрос ReadProcessMemory или WriteProcessMemory был выполнен только частично. (0x12B)
[0205/125523.248:ERROR:process_reader_win.cc(242)] ReadMemory at 0x1c3bbe87230 of 132 bytes failed: Запрос ReadProcessMemory или WriteProcessMemory был выполнен только частично. (0x12B)
[0205/125523.248:ERROR:process_reader_win.cc(242)] ReadMemory at 0x1c3bbe87360 of 132 bytes failed: Запрос ReadProcessMemory или WriteProcessMemory был выполнен только частично. (0x12B)
[0205/125523.248:ERROR:process_reader_win.cc(242)] ReadMemory at 0x1c3bbe87490 of 132 bytes failed: Запрос ReadProcessMemory или WriteProcessMemory был выполнен только частично. (0x12B)
[0205/125523.248:ERROR:process_reader_win.cc(242)] ReadMemory at 0x1c3bbe875c0 of 132 bytes failed: Запрос ReadProcessMemory или WriteProcessMemory был выполнен только частично. (0x12B)
[0205/125523.248:ERROR:process_reader_win.cc(242)] ReadMemory at 0x1c3bbe876f0 of 132 bytes failed: Запрос ReadProcessMemory или WriteProcessMemory был выполнен только частично. (0x12B)
[0205/125523.248:ERROR:process_reader_win.cc(242)] ReadMemory at 0x1c3bbe87820 of 132 bytes failed: Запрос ReadProcessMemory или WriteProcessMemory был выполнен только частично. (0x12B)
[0205/125523.248:ERROR:process_reader_win.cc(242)] ReadMemory at 0x1c3bbe87950 of 132 bytes failed: Запрос ReadProcessMemory или WriteProcessMemory был выполнен только частично. (0x12B)
[0205/125523.248:ERROR:process_reader_win.cc(242)] ReadMemory at 0x1c3bbe87a80 of 132 bytes failed: Запрос ReadProcessMemory или WriteProcessMemory был выполнен только частично. (0x12B)
[0205/125523.248:ERROR:process_reader_win.cc(242)] ReadMemory at 0x1c3bbe87bb0 of 132 bytes failed: Запрос ReadProcessMemory или WriteProcessMemory был выполнен только частично. (0x12B)
[0205/125523.248:ERROR:process_reader_win.cc(242)] ReadMemory at 0x1c3bbe87ce0 of 132 bytes failed: Запрос ReadProcessMemory или WriteProcessMemory был выполнен только частично. (0x12B)
[0205/125523.248:ERROR:process_reader_win.cc(242)] ReadMemory at 0x1c3bbe87e10 of 132 bytes failed: Запрос ReadProcessMemory или WriteProcessMemory был выполнен только частично. (0x12B)
[0205/125523.248:ERROR:process_reader_win.cc(242)] ReadMemory at 0x1c3bbe87f40 of 132 bytes failed: Запрос ReadProcessMemory или WriteProcessMemory был выполнен только частично. (0x12B)
[0205/125523.248:ERROR:process_reader_win.cc(242)] ReadMemory at 0x1c3bbe88070 of 132 bytes failed: Запрос ReadProcessMemory или WriteProcessMemory был выполнен только частично. (0x12B)
[0205/125523.248:ERROR:process_reader_win.cc(242)] ReadMemory at 0x1c3bbe882d0 of 132 bytes failed: Запрос ReadProcessMemory или WriteProcessMemory был выполнен только частично. (0x12B)
[0205/125523.248:ERROR:process_reader_win.cc(242)] ReadMemory at 0x1c3bbe88400 of 132 bytes failed: Запрос ReadProcessMemory или WriteProcessMemory был выполнен только частично. (0x12B)
[0205/125523.248:ERROR:process_reader_win.cc(242)] ReadMemory at 0x1c3bbe88530 of 132 bytes failed: Запрос ReadProcessMemory или WriteProcessMemory был выполнен только частично. (0x12B)
[0205/125523.248:ERROR:process_reader_win.cc(242)] ReadMemory at 0x1c3bbe88660 of 132 bytes failed: Запрос ReadProcessMemory или WriteProcessMemory был выполнен только частично. (0x12B)
[0205/125523.249:ERROR:process_reader_win.cc(242)] ReadMemory at 0x1c3bbe88790 of 132 bytes failed: Запрос ReadProcessMemory или WriteProcessMemory был выполнен только частично. (0x12B)
[0205/125523.249:ERROR:process_reader_win.cc(242)] ReadMemory at 0x1c3bbe888c0 of 132 bytes failed: Запрос ReadProcessMemory или WriteProcessMemory был выполнен только частично. (0x12B)
[0205/125523.249:ERROR:process_reader_win.cc(242)] ReadMemory at 0x1c3bbe889f0 of 132 bytes failed: Запрос ReadProcessMemory или WriteProcessMemory был выполнен только частично. (0x12B)
[0205/125523.249:ERROR:process_reader_win.cc(242)] ReadMemory at 0x1c3bbe88b20 of 132 bytes failed: Запрос ReadProcessMemory или WriteProcessMemory был выполнен только частично. (0x12B)
[0205/125523.249:ERROR:process_reader_win.cc(242)] ReadMemory at 0x1c3bbe88c50 of 132 bytes failed: Запрос ReadProcessMemory или WriteProcessMemory был выполнен только частично. (0x12B)
[0205/125523.249:ERROR:process_reader_win.cc(242)] ReadMemory at 0x1c3bbe89f50 of 154 bytes failed: Запрос ReadProcessMemory или WriteProcessMemory был выполнен только частично. (0x12B)
[0205/125523.249:ERROR:process_reader_win.cc(242)] ReadMemory at 0x1c3bbe8d040 of 62 bytes failed: Запрос ReadProcessMemory или WriteProcessMemory был выполнен только частично. (0x12B)
[0205/125523.249:ERROR:process_reader_win.cc(242)] ReadMemory at 0x1c3bbe8d180 of 66 bytes failed: Запрос ReadProcessMemory или WriteProcessMemory был выполнен только частично. (0x12B)
[0205/125523.249:ERROR:process_reader_win.cc(242)] ReadMemory at 0x1c3bbe8d270 of 62 bytes failed: Запрос ReadProcessMemory или WriteProcessMemory был выполнен только частично. (0x12B)
[0205/125523.249:ERROR:process_reader_win.cc(242)] ReadMemory at 0x1c3bbe8d5e0 of 58 bytes failed: Запрос ReadProcessMemory или WriteProcessMemory был выполнен только частично. (0x12B)
[0205/125523.249:ERROR:process_reader_win.cc(242)] ReadMemory at 0x1c3bbe8d9a0 of 66 bytes failed: Запрос ReadProcessMemory или WriteProcessMemory был выполнен только частично. (0x12B)
[0205/125523.249:ERROR:process_reader_win.cc(242)] ReadMemory at 0x1c3bbe8da90 of 62 bytes failed: Запрос ReadProcessMemory или WriteProcessMemory был выполнен только частично. (0x12B)
[0205/125523.249:ERROR:process_reader_win.cc(242)] ReadMemory at 0x1c3bbe9b390 of 54 bytes failed: Запрос ReadProcessMemory или WriteProcessMemory был выполнен только частично. (0x12B)
[0205/125523.249:ERROR:process_reader_win.cc(242)] ReadMemory at 0x1c3bbe9c160 of 64 bytes failed: Запрос ReadProcessMemory или WriteProcessMemory был выполнен только частично. (0x12B)
[0205/125523.249:ERROR:process_reader_win.cc(242)] ReadMemory at 0x1c3bbe9c1b0 of 60 bytes failed: Запрос ReadProcessMemory или WriteProcessMemory был выполнен только частично. (0x12B)
[0205/125523.249:ERROR:process_reader_win.cc(242)] ReadMemory at 0x1c3bbe9c250 of 62 bytes failed: Запрос ReadProcessMemory или WriteProcessMemory был выполнен только частично. (0x12B)
[0205/125523.249:ERROR:process_reader_win.cc(242)] ReadMemory at 0x1c3bbe9c2a0 of 64 bytes failed: Запрос ReadProcessMemory или WriteProcessMemory был выполнен только частично. (0x12B)
[0205/125523.249:ERROR:process_reader_win.cc(242)] ReadMemory at 0x1c3bbe9c390 of 62 bytes failed: Запрос ReadProcessMemory или WriteProcessMemory был выполнен только частично. (0x12B)
[0205/125523.249:ERROR:process_reader_win.cc(242)] ReadMemory at 0x1c3bbe9c4d0 of 62 bytes failed: Запрос ReadProcessMemory или WriteProcessMemory был выполнен только частично. (0x12B)
[0205/125523.249:ERROR:process_reader_win.cc(242)] ReadMemory at 0x1c3bbe9c570 of 64 bytes failed: Запрос ReadProcessMemory или WriteProcessMemory был выполнен только частично. (0x12B)
[0205/125523.249:ERROR:process_reader_win.cc(242)] ReadMemory at 0x1c3bbe9c660 of 60 bytes failed: Запрос ReadProcessMemory или WriteProcessMemory был выполнен только частично. (0x12B)
[0205/125523.250:ERROR:process_reader_win.cc(242)] ReadMemory at 0x1c3bbe9c700 of 56 bytes failed: Запрос ReadProcessMemory или WriteProcessMemory был выполнен только частично. (0x12B)
[0205/125523.250:ERROR:process_reader_win.cc(242)] ReadMemory at 0x1c3bbe9c7f0 of 58 bytes failed: Запрос ReadProcessMemory или WriteProcessMemory был выполнен только частично. (0x12B)
[0205/125523.250:ERROR:process_reader_win.cc(242)] ReadMemory at 0x1c3bbe9c840 of 62 bytes failed: Запрос ReadProcessMemory или WriteProcessMemory был выполнен только частично. (0x12B)
[0205/125523.250:ERROR:process_reader_win.cc(242)] ReadMemory at 0x1c3bbe9c890 of 64 bytes failed: Запрос ReadProcessMemory или WriteProcessMemory был выполнен только частично. (0x12B)
[0205/125523.250:ERROR:process_reader_win.cc(242)] ReadMemory at 0x1c3bbe9cac0 of 58 bytes failed: Запрос ReadProcessMemory или WriteProcessMemory был выполнен только частично. (0x12B)
[0205/125523.250:ERROR:process_reader_win.cc(242)] ReadMemory at 0x1c3bbe9cb60 of 60 bytes failed: Запрос ReadProcessMemory или WriteProcessMemory был выполнен только частично. (0x12B)
[0205/125523.250:ERROR:process_reader_win.cc(242)] ReadMemory at 0x1c3bbe9cbb0 of 64 bytes failed: Запрос ReadProcessMemory или WriteProcessMemory был выполнен только частично. (0x12B)
[0205/125523.250:ERROR:process_reader_win.cc(242)] ReadMemory at 0x1c3bbe9cd40 of 58 bytes failed: Запрос ReadProcessMemory или WriteProcessMemory был выполнен только частично. (0x12B)
[0205/125523.250:ERROR:process_reader_win.cc(242)] ReadMemory at 0x1c3bbe9cd90 of 64 bytes failed: Запрос ReadProcessMemory или WriteProcessMemory был выполнен только частично. (0x12B)
[0205/125523.250:ERROR:process_reader_win.cc(242)] ReadMemory at 0x1c3bbe9ce80 of 64 bytes failed: Запрос ReadProcessMemory или WriteProcessMemory был выполнен только частично. (0x12B)
[0205/125523.250:ERROR:process_reader_win.cc(242)] ReadMemory at 0x1c3bbe9ced0 of 60 bytes failed: Запрос ReadProcessMemory или WriteProcessMemory был выполнен только частично. (0x12B)
[0205/125523.250:ERROR:process_reader_win.cc(242)] ReadMemory at 0x1c3bbe9cf70 of 60 bytes failed: Запрос ReadProcessMemory или WriteProcessMemory был выполнен только частично. (0x12B)
[0205/125523.250:ERROR:process_reader_win.cc(242)] ReadMemory at 0x1c3bbea22b0 of 132 bytes failed: Запрос ReadProcessMemory или WriteProcessMemory был выполнен только частично. (0x12B)
[0205/125523.250:ERROR:process_reader_win.cc(242)] ReadMemory at 0x1c3bbea2fc0 of 132 bytes failed: Запрос ReadProcessMemory или WriteProcessMemory был выполнен только частично. (0x12B)
[0205/125523.250:ERROR:process_reader_win.cc(242)] ReadMemory at 0x1c3bbea3220 of 132 bytes failed: Запрос ReadProcessMemory или WriteProcessMemory был выполнен только частично. (0x12B)
[0205/125523.250:ERROR:process_reader_win.cc(242)] ReadMemory at 0x1c3bbea3940 of 132 bytes failed: Запрос ReadProcessMemory или WriteProcessMemory был выполнен только частично. (0x12B)
[0205/125523.250:ERROR:process_reader_win.cc(242)] ReadMemory at 0x1c3bbeb09b0 of 512 bytes failed: Запрос ReadProcessMemory или WriteProcessMemory был выполнен только частично. (0x12B)
[0205/125523.250:ERROR:process_reader_win.cc(242)] ReadMemory at 0x1c3bbeb4e60 of 512 bytes failed: Запрос ReadProcessMemory или WriteProcessMemory был выполнен только частично. (0x12B)
[0205/125523.250:ERROR:process_reader_win.cc(242)] ReadMemory at 0x1c3bbeb5c00 of 512 bytes failed: Запрос ReadProcessMemory или WriteProcessMemory был выполнен только частично. (0x12B)
[0205/125523.250:ERROR:process_reader_win.cc(242)] ReadMemory at 0x1c3bbeb6f50 of 512 bytes failed: Запрос ReadProcessMemory или WriteProcessMemory был выполнен только частично. (0x12B)
[0205/125523.250:ERROR:process_reader_win.cc(242)] ReadMemory at 0x1c3bc60d150 of 512 bytes failed: Запрос ReadProcessMemory или WriteProcessMemory был выполнен только частично. (0x12B)
[0205/125523.251:ERROR:process_reader_win.cc(242)] ReadMemory at 0x1c3bc610fb8 of 512 bytes failed: Запрос ReadProcessMemory или WriteProcessMemory был выполнен только частично. (0x12B)
[0205/125523.251:ERROR:process_reader_win.cc(242)] ReadMemory at 0x1c3bc617a60 of 512 bytes failed: Запрос ReadProcessMemory или WriteProcessMemory был выполнен только частично. (0x12B)
[0205/125523.251:ERROR:process_reader_win.cc(242)] ReadMemory at 0x1c3bc627590 of 512 bytes failed: Запрос ReadProcessMemory или WriteProcessMemory был выполнен только частично. (0x12B)
[0205/125523.251:ERROR:process_reader_win.cc(242)] ReadMemory at 0x1c3bc62aaa8 of 608 bytes failed: Запрос ReadProcessMemory или WriteProcessMemory был выполнен только частично. (0x12B)
[0205/125523.251:ERROR:process_reader_win.cc(242)] ReadMemory at 0x1c3bc63dd00 of 688 bytes failed: Запрос ReadProcessMemory или WriteProcessMemory был выполнен только частично. (0x12B)
[0205/125523.251:ERROR:process_reader_win.cc(242)] ReadMemory at 0x1c3bc6453d8 of 512 bytes failed: Запрос ReadProcessMemory или WriteProcessMemory был выполнен только частично. (0x12B)
[0205/125523.251:ERROR:process_reader_win.cc(242)] ReadMemory at 0x1c3bc64bd98 of 512 bytes failed: Запрос ReadProcessMemory или WriteProcessMemory был выполнен только частично. (0x12B)
[0205/125523.251:ERROR:process_reader_win.cc(242)] ReadMemory at 0x1c3bc65a138 of 512 bytes failed: Запрос ReadProcessMemory или WriteProcessMemory был выполнен только частично. (0x12B)
[0205/125523.251:ERROR:process_reader_win.cc(242)] ReadMemory at 0x1c3be5f2e98 of 512 bytes failed: Запрос ReadProcessMemory или WriteProcessMemory был выполнен только частично. (0x12B)
[0205/125523.251:ERROR:process_reader_win.cc(242)] ReadMemory at 0x1c3be9f8658 of 512 bytes failed: Запрос ReadProcessMemory или WriteProcessMemory был выполнен только частично. (0x12B)
[0205/125523.251:ERROR:process_reader_win.cc(242)] ReadMemory at 0x1c3beb13a28 of 512 bytes failed: Запрос ReadProcessMemory или WriteProcessMemory был выполнен только частично. (0x12B)
[0205/125523.251:ERROR:process_reader_win.cc(242)] ReadMemory at 0x1c3c0401778 of 512 bytes failed: Запрос ReadProcessMemory или WriteProcessMemory был выполнен только частично. (0x12B)
[0205/125523.251:ERROR:process_reader_win.cc(242)] ReadMemory at 0x1c3c05a1ff0 of 512 bytes failed: Запрос ReadProcessMemory или WriteProcessMemory был выполнен только частично. (0x12B)
[0205/125523.251:ERROR:process_reader_win.cc(242)] ReadMemory at 0x1c3c05f9000 of 416 bytes failed: Запрос ReadProcessMemory или WriteProcessMemory был выполнен только частично. (0x12B)
[0205/125523.251:ERROR:process_reader_win.cc(242)] ReadMemory at 0x1c3c06c06d0 of 512 bytes failed: Запрос ReadProcessMemory или WriteProcessMemory был выполнен только частично. (0x12B)
[0205/125523.251:ERROR:process_reader_win.cc(242)] ReadMemory at 0xe8ddbe8a8e1 of 512 bytes failed: Запрос ReadProcessMemory или WriteProcessMemory был выполнен только частично. (0x12B)
[0205/125523.252:ERROR:process_reader_win.cc(242)] ReadMemory at 0x160d658d6419 of 512 bytes failed: Запрос ReadProcessMemory или WriteProcessMemory был выполнен только частично. (0x12B)
[0205/125523.252:ERROR:process_reader_win.cc(242)] ReadMemory at 0x160d658d6e09 of 512 bytes failed: Запрос ReadProcessMemory или WriteProcessMemory был выполнен только частично. (0x12B)
[0205/125523.252:ERROR:process_reader_win.cc(242)] ReadMemory at 0x30570a90d631 of 512 bytes failed: Запрос ReadProcessMemory или WriteProcessMemory был выполнен только частично. (0x12B)
[0205/125523.252:ERROR:process_reader_win.cc(242)] ReadMemory at 0x49cc24ab3e21 of 512 bytes failed: Запрос ReadProcessMemory или WriteProcessMemory был выполнен только частично. (0x12B)
[0205/125523.252:ERROR:process_reader_win.cc(242)] ReadMemory at 0x4aba9ab42c89 of 512 bytes failed: Запрос ReadProcessMemory или WriteProcessMemory был выполнен только частично. (0x12B)
[0205/125523.252:ERROR:process_reader_win.cc(242)] ReadMemory at 0x6b86fd5d68c9 of 512 bytes failed: Запрос ReadProcessMemory или WriteProcessMemory был выполнен только частично. (0x12B)
[0205/125523.252:ERROR:process_reader_win.cc(242)] ReadMemory at 0x7ffb23e936b8 of 512 bytes failed: Запрос ReadProcessMemory или WriteProcessMemory был выполнен только частично. (0x12B)
[0205/125523.252:ERROR:process_reader_win.cc(242)] ReadMemory at 0x7ffb250ee780 of 513 bytes failed: Запрос ReadProcessMemory или WriteProcessMemory был выполнен только частично. (0x12B)
[0205/125523.252:ERROR:process_reader_win.cc(242)] ReadMemory at 0x7ffb283688a0 of 704 bytes failed: Запрос ReadProcessMemory или WriteProcessMemory был выполнен только частично. (0x12B)
[0205/125523.252:ERROR:process_reader_win.cc(242)] ReadMemory at 0x7ffb50dbeaf4 of 512 bytes failed: Запрос ReadProcessMemory или WriteProcessMemory был выполнен только частично. (0x12B)
[0205/125523.252:ERROR:process_reader_win.cc(242)] ReadMemory at 0x7ffb50dbfbb7 of 512 bytes failed: Запрос ReadProcessMemory или WriteProcessMemory был выполнен только частично. (0x12B)
[0205/125523.252:ERROR:process_reader_win.cc(242)] ReadMemory at 0x7ffb7a030000 of 384 bytes failed: Запрос ReadProcessMemory или WriteProcessMemory был выполнен только частично. (0x12B)
[0205/125523.252:ERROR:process_reader_win.cc(242)] ReadMemory at 0x7ffb7a07feb0 of 512 bytes failed: Запрос ReadProcessMemory или WriteProcessMemory был выполнен только частично. (0x12B)
[0205/125523.252:ERROR:process_reader_win.cc(242)] ReadMemory at 0x7ffb7a0cf764 of 672 bytes failed: Запрос ReadProcessMemory или WriteProcessMemory был выполнен только частично. (0x12B)
[0205/125523.252:ERROR:process_reader_win.cc(242)] ReadMemory at 0x7ffb7a0d2ff4 of 608 bytes failed: Запрос ReadProcessMemory или WriteProcessMemory был выполнен только частично. (0x12B)
[0205/125523.252:ERROR:process_reader_win.cc(242)] ReadMemory at 0x7ffb7a15c0c8 of 18 bytes failed: Запрос ReadProcessMemory или WriteProcessMemory был выполнен только частично. (0x12B)
[0205/125523.252:ERROR:process_reader_win.cc(242)] ReadMemory at 0x7ffb7a18f4f8 of 40 bytes failed: Запрос ReadProcessMemory или WriteProcessMemory был выполнен только частично. (0x12B)
[0205/125523.253:ERROR:process_reader_win.cc(242)] ReadMemory at 0x7ffb7a18f978 of 48 bytes failed: Запрос ReadProcessMemory или WriteProcessMemory был выполнен только частично. (0x12B)
[0205/125523.253:ERROR:process_reader_win.cc(242)] ReadMemory at 0x7ffb7a1953a0 of 64 bytes failed: Запрос ReadProcessMemory или WriteProcessMemory был выполнен только частично. (0x12B)
[0205/125523.274:ERROR:scoped_process_suspend.cc(40)] NtResumeProcess: Попытка доступа к процессу, выполняющему процедуру завершения. (0xc000010a)
